# JRE version: OpenJDK Runtime Environment AdoptOpenJDK (14.0.1+7) (build 14.0.1+7)
# Java VM: OpenJDK 64-Bit Server VM AdoptOpenJDK (14.0.1+7, mixed mode, sharing, tiered, compressed oops, g1 gc, windows-amd64)
Heap:
 garbage-first heap   total 163840K, used 95232K [0x0000000082400000, 0x0000000100000000)
  region size 1024K, 2 young (2048K), 1 survivors (1024K)
 Metaspace       used 36868K, capacity 37362K, committed 37760K, reserved 1083392K
  class space    used 4088K, capacity 4293K, committed 4480K, reserved 1048576K
GC Heap History (20 events):
Event: 273.911 GC heap before
{Heap before GC invocations=29 (full 0):
 garbage-first heap   total 119808K, used 92404K [0x0000000082400000, 0x0000000100000000)
  region size 1024K, 23 young (23552K), 1 survivors (1024K)
 Metaspace       used 36943K, capacity 37579K, committed 37760K, reserved 1083392K
  class space    used 4124K, capacity 4366K, committed 4480K, reserved 1048576K
}
Event: 273.918 GC heap after
{Heap after GC invocations=30 (full 0):
 garbage-first heap   total 119808K, used 69869K [0x0000000082400000, 0x0000000100000000)
  region size 1024K, 1 young (1024K), 1 survivors (1024K)
 Metaspace       used 36943K, capacity 37579K, committed 37760K, reserved 1083392K
  class space    used 4124K, capacity 4366K, committed 4480K, reserved 1048576K
}
Event: 457.143 GC heap before
{Heap before GC invocations=31 (full 0):
 garbage-first heap   total 121856K, used 94445K [0x0000000082400000, 0x0000000100000000)
  region size 1024K, 25 young (25600K), 1 survivors (1024K)
 Metaspace       used 36951K, capacity 37579K, committed 37760K, reserved 1083392K
  class space    used 4124K, capacity 4366K, committed 4480K, reserved 1048576K
}
Event: 457.147 GC heap after
{Heap after GC invocations=32 (full 0):
 garbage-first heap   total 121856K, used 69867K [0x0000000082400000, 0x0000000100000000)
  region size 1024K, 1 young (1024K), 1 survivors (1024K)
 Metaspace       used 36951K, capacity 37579K, committed 37760K, reserved 1083392K
  class space    used 4124K, capacity 4366K, committed 4480K, reserved 1048576K
}
Event: 660.984 GC heap before
{Heap before GC invocations=32 (full 0):
 garbage-first heap   total 121856K, used 97515K [0x0000000082400000, 0x0000000100000000)
  region size 1024K, 28 young (28672K), 1 survivors (1024K)
 Metaspace       used 36951K, capacity 37579K, committed 37760K, reserved 1083392K
  class space    used 4124K, capacity 4366K, committed 4480K, reserved 1048576K
}
Event: 660.990 GC heap after
{Heap after GC invocations=33 (full 0):
 garbage-first heap   total 121856K, used 69872K [0x0000000082400000, 0x0000000100000000)
  region size 1024K, 1 young (1024K), 1 survivors (1024K)
 Metaspace       used 36951K, capacity 37579K, committed 37760K, reserved 1083392K
  class space    used 4124K, capacity 4366K, committed 4480K, reserved 1048576K
}
Event: 880.702 GC heap before
{Heap before GC invocations=34 (full 0):
 garbage-first heap   total 121856K, used 99568K [0x0000000082400000, 0x0000000100000000)
  region size 1024K, 30 young (30720K), 1 survivors (1024K)
 Metaspace       used 36951K, capacity 37579K, committed 37760K, reserved 1083392K
  class space    used 4124K, capacity 4366K, committed 4480K, reserved 1048576K
}
Event: 880.705 GC heap after
{Heap after GC invocations=35 (full 0):
 garbage-first heap   total 121856K, used 69903K [0x0000000082400000, 0x0000000100000000)
  region size 1024K, 1 young (1024K), 1 survivors (1024K)
 Metaspace       used 36951K, capacity 37579K, committed 37760K, reserved 1083392K
  class space    used 4124K, capacity 4366K, committed 4480K, reserved 1048576K
}
Event: 1108.051 GC heap before
{Heap before GC invocations=35 (full 0):
 garbage-first heap   total 121856K, used 100623K [0x0000000082400000, 0x0000000100000000)
  region size 1024K, 31 young (31744K), 1 survivors (1024K)
 Metaspace       used 36958K, capacity 37579K, committed 37760K, reserved 1083392K
  class space    used 4124K, capacity 4366K, committed 4480K, reserved 1048576K
}
Event: 1108.063 GC heap after
{Heap after GC invocations=36 (full 0):
 garbage-first heap   total 121856K, used 69908K [0x0000000082400000, 0x0000000100000000)
  region size 1024K, 1 young (1024K), 1 survivors (1024K)
 Metaspace       used 36958K, capacity 37579K, committed 37760K, reserved 1083392K
  class space    used 4124K, capacity 4366K, committed 4480K, reserved 1048576K
}
Event: 15687.637 GC heap before
{Heap before GC invocations=37 (full 0):
 garbage-first heap   total 121856K, used 101652K [0x0000000082400000, 0x0000000100000000)
  region size 1024K, 32 young (32768K), 1 survivors (1024K)
 Metaspace       used 36981K, capacity 37582K, committed 37760K, reserved 1083392K
  class space    used 4125K, capacity 4367K, committed 4480K, reserved 1048576K
}
Event: 15687.723 GC heap after
{Heap after GC invocations=38 (full 0):
 garbage-first heap   total 121856K, used 70048K [0x0000000082400000, 0x0000000100000000)
  region size 1024K, 1 young (1024K), 1 survivors (1024K)
 Metaspace       used 36981K, capacity 37582K, committed 37760K, reserved 1083392K
  class space    used 4125K, capacity 4367K, committed 4480K, reserved 1048576K
}
Event: 73697.234 GC heap before
{Heap before GC invocations=38 (full 0):
 garbage-first heap   total 121856K, used 102816K [0x0000000082400000, 0x0000000100000000)
  region size 1024K, 33 young (33792K), 1 survivors (1024K)
 Metaspace       used 36988K, capacity 37582K, committed 37760K, reserved 1083392K
  class space    used 4127K, capacity 4367K, committed 4480K, reserved 1048576K
}
Event: 73697.327 GC heap after
{Heap after GC invocations=39 (full 0):
 garbage-first heap   total 121856K, used 69573K [0x0000000082400000, 0x0000000100000000)
  region size 1024K, 1 young (1024K), 1 survivors (1024K)
 Metaspace       used 36988K, capacity 37582K, committed 37760K, reserved 1083392K
  class space    used 4127K, capacity 4367K, committed 4480K, reserved 1048576K
}
Event: 96239.194 GC heap before
{Heap before GC invocations=40 (full 0):
 garbage-first heap   total 121856K, used 103365K [0x0000000082400000, 0x0000000100000000)
  region size 1024K, 34 young (34816K), 1 survivors (1024K)
 Metaspace       used 36856K, capacity 37360K, committed 37760K, reserved 1083392K
  class space    used 4087K, capacity 4292K, committed 4480K, reserved 1048576K
}
Event: 96239.260 GC heap after
{Heap after GC invocations=41 (full 0):
 garbage-first heap   total 121856K, used 70368K [0x0000000082400000, 0x0000000100000000)
  region size 1024K, 1 young (1024K), 1 survivors (1024K)
 Metaspace       used 36856K, capacity 37360K, committed 37760K, reserved 1083392K
  class space    used 4087K, capacity 4292K, committed 4480K, reserved 1048576K
}
Event: 97122.025 GC heap before
{Heap before GC invocations=41 (full 0):
 garbage-first heap   total 121856K, used 71392K [0x0000000082400000, 0x0000000100000000)
  region size 1024K, 3 young (3072K), 1 survivors (1024K)
 Metaspace       used 36860K, capacity 37362K, committed 37760K, reserved 1083392K
  class space    used 4088K, capacity 4293K, committed 4480K, reserved 1048576K
}
Event: 97122.073 GC heap after
{Heap after GC invocations=42 (full 0):
 garbage-first heap   total 121856K, used 69591K [0x0000000082400000, 0x0000000100000000)
  region size 1024K, 1 young (1024K), 1 survivors (1024K)
 Metaspace       used 36860K, capacity 37362K, committed 37760K, reserved 1083392K
  class space    used 4088K, capacity 4293K, committed 4480K, reserved 1048576K
}
Event: 97144.416 GC heap before
{Heap before GC invocations=43 (full 0):
 garbage-first heap   total 150528K, used 90071K [0x0000000082400000, 0x0000000100000000)
  region size 1024K, 5 young (5120K), 1 survivors (1024K)
 Metaspace       used 36868K, capacity 37362K, committed 37760K, reserved 1083392K
  class space    used 4088K, capacity 4293K, committed 4480K, reserved 1048576K
}
Event: 97144.477 GC heap after
{Heap after GC invocations=44 (full 0):
 garbage-first heap   total 150528K, used 87040K [0x0000000082400000, 0x0000000100000000)
  region size 1024K, 1 young (1024K), 1 survivors (1024K)
 Metaspace       used 36868K, capacity 37362K, committed 37760K, reserved 1083392K
  class space    used 4088K, capacity 4293K, committed 4480K, reserved 1048576K
}

